<?xml version="1.0" encoding="UTF-8"?>
<!-- Generated by org.testng.reporters.JUnitReportReporter -->
<testsuite hostname="PKCHETHAN-LAPTOP" failures="0" tests="2" name="com.api.test.ComprehensiveForTestNG" time="5.460" errors="0" timestamp="2024-03-27T07:21:13 IST" skipped="0">
  <testcase classname="com.api.test.ComprehensiveForTestNG" name="CreateJob" time="2.064"/>
  <system-out/>
  <testcase classname="com.api.test.ComprehensiveForTestNG" name="userDetails" time="3.396"/>
  <system-out/>
</testsuite> <!-- com.api.test.ComprehensiveForTestNG -->
